#
# There is insufficient memory for the Java Runtime Environment to continue.
# Native memory allocation (mmap) failed to map 134217728 bytes for Failed to commit area from 0x0000000080e00000 to 0x0000000088e00000 of length 134217728.
# Possible reasons:
#   The system is out of physical RAM or swap space
#   The process is running with CompressedOops enabled, and the Java Heap may be blocking the growth of the native heap
# Possible solutions:
#   Reduce memory load on the system
#   Increase physical memory or swap space
#   Check if swap backing store is full
#   Decrease Java heap size (-Xmx/-Xms)
#   Decrease number of Java threads
#   Decrease Java thread stack sizes (-Xss)
#   Set larger code cache with -XX:ReservedCodeCacheSize=
# This output file may be truncated or incomplete.
#
#  Out of Memory Error (t:/workspace/open/src/hotspot/os/windows/os_windows.cpp:3274), pid=10412, tid=772
#
# JRE version:  (11.0.5+10) (build )
# Java VM: Java HotSpot(TM) 64-Bit Server VM (11.0.5+10-LTS, mixed mode, aot, sharing, tiered, compressed oops, g1 gc, windows-amd64)
# No core dump will be written. Minidumps are not enabled by default on client versions of Windows
#

---------------  S U M M A R Y ------------

Command Line: Swing.UserInterface

Host: Intel(R) Core(TM) i7-8700 CPU @ 3.20GHz, 12 cores, 7G,  Windows 10 , 64 bit Build 18362 (10.0.18362.329)
Time: Mon Dec 30 22:08:00 2019 RTZ 2 (ceia) elapsed time: 0 seconds (0d 0h 0m 0s)

---------------  T H R E A D  ---------------

Current thread (0x000002817f293000):  JavaThread "Unknown thread" [_thread_in_vm, id=772, stack(0x000000e80ac00000,0x000000e80ad00000)]

Stack: [0x000000e80ac00000,0x000000e80ad00000]
Native frames: (J=compiled Java code, j=interpreted, Vv=VM code, C=native code)
V  [jvm.dll+0x63611a]
V  [jvm.dll+0x77426f]
V  [jvm.dll+0x77591a]
V  [jvm.dll+0x775fd3]
V  [jvm.dll+0x25e608]
V  [jvm.dll+0x6335ca]
V  [jvm.dll+0x627f85]
V  [jvm.dll+0x314ecc]
V  [jvm.dll+0x314d52]
V  [jvm.dll+0x31a5c6]
V  [jvm.dll+0x3666bf]
V  [jvm.dll+0x3660e0]
V  [jvm.dll+0x2f1c48]
V  [jvm.dll+0x2f2db6]
V  [jvm.dll+0x74d437]
V  [jvm.dll+0x74ebaf]
V  [jvm.dll+0x3734f9]
V  [jvm.dll+0x733ae9]
V  [jvm.dll+0x3e2e1d]
V  [jvm.dll+0x3e51e1]
C  [java.exe+0x3607]
C  [java.exe+0x178dc]
C  [KERNEL32.DLL+0x17bd4]
C  [ntdll.dll+0x6ced1]


---------------  P R O C E S S  ---------------

Threads class SMR info:
_java_thread_list=0x000002817cfe40d0, length=0, elements={
}

Java Threads: ( => current thread )

Other Threads:
  0x000002817f2aa800 GCTaskThread "GC Thread#0" [stack: 0x000000e80ad00000,0x000000e80ae00000] [id=2372]
  0x000002817f2db000 ConcurrentGCThread "G1 Main Marker" [stack: 0x000000e80ae00000,0x000000e80af00000] [id=8408]
  0x000002817f2dc000 ConcurrentGCThread "G1 Conc#0" [stack: 0x000000e80af00000,0x000000e80b000000] [id=10576]

[error occurred during error reporting (printing all threads), id 0xc0000005, EXCEPTION_ACCESS_VIOLATION (0xc0000005) at pc=0x00007ffc8ad00617]

VM state:not at safepoint (not fully initialized)

VM Mutex/Monitor currently owned by a thread:  ([mutex/lock_event])
[0x000002817f292700] Heap_lock - owner thread: 0x000002817f293000

Heap address: 0x0000000080e00000, size: 2034 MB, Compressed Oops mode: Non-zero based: 0x0000000080e00000
Narrow klass base: 0x0000000000000000, Narrow klass shift: 0

GC Heap History (0 events):
No events

Deoptimization events (0 events):
No events

Classes redefined (0 events):
No events

Internal exceptions (0 events):
No events

Events (0 events):
No events


Dynamic libraries:
0x00007ff7c14b0000 - 0x00007ff7c14f7000 	C:\Program Files\Java\jdk-11.0.5\bin\java.exe
0x00007ffce1820000 - 0x00007ffce1a10000 	C:\WINDOWS\SYSTEM32\ntdll.dll
0x00007ffce0860000 - 0x00007ffce0912000 	C:\WINDOWS\System32\KERNEL32.DLL
0x00007ffcdebb0000 - 0x00007ffcdee53000 	C:\WINDOWS\System32\KERNELBASE.dll
0x00007ffce0610000 - 0x00007ffce06b3000 	C:\WINDOWS\System32\ADVAPI32.dll
0x00007ffce0cd0000 - 0x00007ffce0d6e000 	C:\WINDOWS\System32\msvcrt.dll
0x00007ffce06c0000 - 0x00007ffce0757000 	C:\WINDOWS\System32\sechost.dll
0x00007ffce0d70000 - 0x00007ffce0e90000 	C:\WINDOWS\System32\RPCRT4.dll
0x00007ffce1530000 - 0x00007ffce16c4000 	C:\WINDOWS\System32\USER32.dll
0x00007ffcdee60000 - 0x00007ffcdee81000 	C:\WINDOWS\System32\win32u.dll
0x00007ffce0760000 - 0x00007ffce0786000 	C:\WINDOWS\System32\GDI32.dll
0x00007ffcdf670000 - 0x00007ffcdf804000 	C:\WINDOWS\System32\gdi32full.dll
0x00007ffcdf830000 - 0x00007ffcdf8ce000 	C:\WINDOWS\System32\msvcp_win.dll
0x00007ffcde8b0000 - 0x00007ffcde9aa000 	C:\WINDOWS\System32\ucrtbase.dll
0x00007ffcd3300000 - 0x00007ffcd3585000 	C:\WINDOWS\WinSxS\amd64_microsoft.windows.common-controls_6595b64144ccf1df_6.0.18362.476_none_e6c4b11b130f2595\COMCTL32.dll
0x00007ffcd8db0000 - 0x00007ffcd8dba000 	C:\WINDOWS\SYSTEM32\VERSION.dll
0x00007ffce0ff0000 - 0x00007ffce1326000 	C:\WINDOWS\System32\combase.dll
0x00007ffcde830000 - 0x00007ffcde8b0000 	C:\WINDOWS\System32\bcryptPrimitives.dll
0x00007ffce0a70000 - 0x00007ffce0a9e000 	C:\WINDOWS\System32\IMM32.DLL
0x00007ffcdaf00000 - 0x00007ffcdaf16000 	C:\Program Files\Java\jdk-11.0.5\bin\vcruntime140.dll
0x00007ffc8c790000 - 0x00007ffc8c83a000 	C:\Program Files\Java\jdk-11.0.5\bin\msvcp140.dll
0x00007ffc8aa00000 - 0x00007ffc8b528000 	C:\Program Files\Java\jdk-11.0.5\bin\server\jvm.dll
0x00007ffce1520000 - 0x00007ffce1528000 	C:\WINDOWS\System32\PSAPI.DLL
0x00007ffcb3fc0000 - 0x00007ffcb3fc9000 	C:\WINDOWS\SYSTEM32\WSOCK32.dll
0x00007ffcdc810000 - 0x00007ffcdc834000 	C:\WINDOWS\SYSTEM32\WINMM.dll
0x00007ffce0ab0000 - 0x00007ffce0b1f000 	C:\WINDOWS\System32\WS2_32.dll
0x00007ffcdc6b0000 - 0x00007ffcdc6dd000 	C:\WINDOWS\SYSTEM32\winmmbase.dll
0x00007ffcde7e0000 - 0x00007ffcde82a000 	C:\WINDOWS\System32\cfgmgr32.dll
0x00007ffcde700000 - 0x00007ffcde711000 	C:\WINDOWS\System32\kernel.appcore.dll
0x00007ffcd7f90000 - 0x00007ffcd7fa1000 	C:\Program Files\Java\jdk-11.0.5\bin\verify.dll
0x00007ffcca280000 - 0x00007ffcca474000 	C:\WINDOWS\SYSTEM32\DBGHELP.DLL
0x00007ffcca110000 - 0x00007ffcca13a000 	C:\WINDOWS\SYSTEM32\dbgcore.DLL
0x00007ffcdaed0000 - 0x00007ffcdaef9000 	C:\Program Files\Java\jdk-11.0.5\bin\java.dll
0x00007ffcd78a0000 - 0x00007ffcd78b6000 	C:\Program Files\Java\jdk-11.0.5\bin\zip.dll
0x00007ffcd7f80000 - 0x00007ffcd7f8a000 	C:\Program Files\Java\jdk-11.0.5\bin\jimage.dll

dbghelp: loaded successfully - version: 4.0.5 - missing functions: none
symbol engine: initialized successfully - sym options: 0x614 - pdb path: .;C:\Program Files\Java\jdk-11.0.5\bin;C:\WINDOWS\SYSTEM32;C:\WINDOWS\WinSxS\amd64_microsoft.windows.common-controls_6595b64144ccf1df_6.0.18362.476_none_e6c4b11b130f2595;C:\Program Files\Java\jdk-11.0.5\bin\server

VM Arguments:
java_command: Swing.UserInterface
java_class_path (initial): D:\Java Projects\cursvalutar\target\classes;C:\Users\teodo\.m2\repository\com\thoughtworks\xstream\xstream\1.4.11.1\xstream-1.4.11.1.jar;C:\Users\teodo\.m2\repository\xmlpull\xmlpull\1.1.3.1\xmlpull-1.1.3.1.jar;C:\Users\teodo\.m2\repository\xpp3\xpp3_min\1.1.4c\xpp3_min-1.1.4c.jar;C:\Users\teodo\.m2\repository\com\sun\jersey\jersey-client\1.19.4\jersey-client-1.19.4.jar;C:\Users\teodo\.m2\repository\com\sun\jersey\jersey-core\1.19.4\jersey-core-1.19.4.jar;C:\Users\teodo\.m2\repository\javax\ws\rs\jsr311-api\1.1.1\jsr311-api-1.1.1.jar;C:\Users\teodo\.m2\repository\org\apache\httpcomponents\httpclient\4.5.10\httpclient-4.5.10.jar;C:\Users\teodo\.m2\repository\org\apache\httpcomponents\httpcore\4.4.12\httpcore-4.4.12.jar;C:\Users\teodo\.m2\repository\commons-logging\commons-logging\1.2\commons-logging-1.2.jar;C:\Users\teodo\.m2\repository\commons-codec\commons-codec\1.11\commons-codec-1.11.jar
Launcher Type: SUN_STANDARD

[Global flags]
     intx CICompilerCount                          = 4                                         {product} {ergonomic}
     uint ConcGCThreads                            = 3                                         {product} {ergonomic}
     uint G1ConcRefinementThreads                  = 10                                        {product} {ergonomic}
   size_t G1HeapRegionSize                         = 1048576                                   {product} {ergonomic}
    uintx GCDrainStackTargetSize                   = 64                                        {product} {ergonomic}
   size_t InitialHeapSize                          = 134217728                                 {product} {ergonomic}
   size_t MarkStackSize                            = 4194304                                   {product} {ergonomic}
   size_t MaxHeapSize                              = 2132803584                                {product} {ergonomic}
   size_t MinHeapDeltaBytes                        = 1048576                                   {product} {ergonomic}
    uintx NonNMethodCodeHeapSize                   = 5836300                                {pd product} {ergonomic}
    uintx NonProfiledCodeHeapSize                  = 122910970                              {pd product} {ergonomic}
    uintx ProfiledCodeHeapSize                     = 122910970                              {pd product} {ergonomic}
    uintx ReservedCodeCacheSize                    = 251658240                              {pd product} {ergonomic}
     bool SegmentedCodeCache                       = true                                      {product} {ergonomic}
     bool UseCompressedClassPointers               = true                                 {lp64_product} {ergonomic}
     bool UseCompressedOops                        = true                                 {lp64_product} {ergonomic}
     bool UseG1GC                                  = true                                      {product} {ergonomic}
     bool UseLargePagesIndividualAllocation        = false                                  {pd product} {ergonomic}

Logging:
Log output configuration:
 #0: stdout all=warning uptime,level,tags
 #1: stderr all=off uptime,level,tags

Environment Variables:
JAVA_HOME=C:\Program Files\Java\jdk-11.0.5
PATH=C:\ProgramData\DockerDesktop\version-bin;C:\Program Files\Docker\Docker\Resources\bin;C:\WINDOWS\system32;C:\WINDOWS;C:\WINDOWS\System32\Wbem;C:\WINDOWS\System32\WindowsPowerShell\v1.0\;C:\WINDOWS\System32\OpenSSH\;C:\Program Files\Git\cmd;C:\Program Files (x86)\Brackets\command;C:\Program Files\dotnet\;C:\Program Files\NVIDIA Corporation\NVIDIA NvDLISR;C:\Program Files (x86)\NVIDIA Corporation\PhysX\Common;C:\Users\teodo\AppData\Local\Microsoft\WindowsApps;C:\Program Files\JetBrains\IntelliJ IDEA 2019.2.4\bin;C:\Users\teodo\AppData\Local\GitHubDesktop\bin;C:\Program Files\JetBrains\DataGrip 2019.2.6\bin;;C:\Users\teodo\AppData\Local\Programs\Microsoft VS Code\bin
USERNAME=teodo
OS=Windows_NT
PROCESSOR_IDENTIFIER=Intel64 Family 6 Model 158 Stepping 10, GenuineIntel



---------------  S Y S T E M  ---------------

OS: Windows 10 , 64 bit Build 18362 (10.0.18362.329)

CPU:total 12 (initial active 12) (6 cores per cpu, 2 threads per core) family 6 model 158 stepping 10, cmov, cx8, fxsr, mmx, sse, sse2, sse3, ssse3, sse4.1, sse4.2, popcnt, avx, avx2, aes, clmul, erms, rtm, 3dnowpref, lzcnt, ht, tsc, tscinvbit, bmi1, bmi2, adx, fma

Memory: 4k page, system-wide physical 8134M (2354M free)
TotalPageFile size 8134M (AvailPageFile size 17M)
current process WorkingSet (physical memory assigned to process): 9M, peak: 9M
current process commit charge ("private bytes"): 64M, peak: 192M

vm_info: Java HotSpot(TM) 64-Bit Server VM (11.0.5+10-LTS) for windows-amd64 JRE (11.0.5+10-LTS), built on Oct  6 2019 12:37:14 by "mach5one" with MS VC++ 15.5 (VS2017)

END.
